
> frontend@0.0.0 dev
> vite


  [32m[1mVITE[22m v8.1.3[39m  [2mready in [0m[1m578[22m[2m[0m ms[22m

  [32m➜[39m  [1mLocal[22m:   [36mhttp://localhost:[1m5173[22m/[39m
[2m  [32m➜[39m  [1mNetwork[22m[2m: use [22m[1m--host[22m[2m to expose[22m
[2m8:32:10 pm[22m [31m[1m[vite][22m[39m [31m[2m(client)[22m[39m [2m[console.error] [22mDispose error: TypeError: Cannot read properties of undefined (reading 'destroy')
    at dispose (http://localhost:5173/node_modules/.vite/deps/klinecharts.js?v=9d0083c4:12092:19)
    at http://localhost:5173/src/components/TradingChart.jsx:129:7
    at Object.react_stack_bottom_frame (http://localhost:5173/node_modules/.vite/deps/react-dom_client.js?v=9d0083c4:12906:5)
    at runWithFiberInDEV (http://localhost:5173/node_modules/.vite/deps/react-dom_client.js?v=9d0083c4:851:66)
    at commitHookEffectListUnmount (http://localhost:5173/node_modules/.vite/deps/react-dom_client.js?v=9d0083c4:6642:149)
    at commitHookPassiveUnmountEffects (http://localhost:5173/node_modules/.vite/deps/react-dom_client.js?v=9d0083c4:6655:55)
    at disconnectPassiveEffect (http://localhost:5173/node_modules/.vite/deps/react-dom_client.js?v=9d0083c4:7842:6)
    at recursivelyTraverseDisconnectPassiveEffects (http://localhost:5173/node_modules/.vite/deps/react-dom_client.js?v=9d0083c4:7834:65)
    at disconnectPassiveEffect (http://localhost:5173/node_modules/.vite/deps/react-dom_client.js?v=9d0083c4:7849:14)
    at recursivelyTraverseDisconnectPassiveEffects (http://localhost:5173/node_modules/.vite/deps/react-dom_client.js?v=9d0083c4:7834:65)
[2m8:35:53 pm[22m [31m[1m[vite][22m[39m [31m[2m(client)[22m[39m [2m[console.error] [22mDispose error: TypeError: Cannot read properties of undefined (reading 'destroy')
    at dispose (http://localhost:5173/node_modules/.vite/deps/klinecharts.js?v=9d0083c4:12092:19)
    at http://localhost:5173/src/components/TradingChart.jsx:129:7
    at Object.react_stack_bottom_frame (http://localhost:5173/node_modules/.vite/deps/react-dom_client.js?v=9d0083c4:12906:5)
    at runWithFiberInDEV (http://localhost:5173/node_modules/.vite/deps/react-dom_client.js?v=9d0083c4:851:66)
    at commitHookEffectListUnmount (http://localhost:5173/node_modules/.vite/deps/react-dom_client.js?v=9d0083c4:6642:149)
    at commitHookPassiveUnmountEffects (http://localhost:5173/node_modules/.vite/deps/react-dom_client.js?v=9d0083c4:6655:55)
    at disconnectPassiveEffect (http://localhost:5173/node_modules/.vite/deps/react-dom_client.js?v=9d0083c4:7842:6)
    at recursivelyTraverseDisconnectPassiveEffects (http://localhost:5173/node_modules/.vite/deps/react-dom_client.js?v=9d0083c4:7834:65)
    at disconnectPassiveEffect (http://localhost:5173/node_modules/.vite/deps/react-dom_client.js?v=9d0083c4:7849:14)
    at recursivelyTraverseDisconnectPassiveEffects (http://localhost:5173/node_modules/.vite/deps/react-dom_client.js?v=9d0083c4:7834:65)
[2m8:35:59 pm[22m [31m[1m[vite][22m[39m [31m[2m(client)[22m[39m [2m[console.error] [22mDispose error: TypeError: Cannot read properties of undefined (reading 'destroy')
    at dispose (http://localhost:5173/node_modules/.vite/deps/klinecharts.js?v=9d0083c4:12092:19)
    at http://localhost:5173/src/components/TradingChart.jsx:129:7
    at Object.react_stack_bottom_frame (http://localhost:5173/node_modules/.vite/deps/react-dom_client.js?v=9d0083c4:12906:5)
    at runWithFiberInDEV (http://localhost:5173/node_modules/.vite/deps/react-dom_client.js?v=9d0083c4:851:66)
    at commitHookEffectListUnmount (http://localhost:5173/node_modules/.vite/deps/react-dom_client.js?v=9d0083c4:6642:149)
    at commitHookPassiveUnmountEffects (http://localhost:5173/node_modules/.vite/deps/react-dom_client.js?v=9d0083c4:6655:55)
    at disconnectPassiveEffect (http://localhost:5173/node_modules/.vite/deps/react-dom_client.js?v=9d0083c4:7842:6)
    at recursivelyTraverseDisconnectPassiveEffects (http://localhost:5173/node_modules/.vite/deps/react-dom_client.js?v=9d0083c4:7834:65)
    at disconnectPassiveEffect (http://localhost:5173/node_modules/.vite/deps/react-dom_client.js?v=9d0083c4:7849:14)
    at recursivelyTraverseDisconnectPassiveEffects (http://localhost:5173/node_modules/.vite/deps/react-dom_client.js?v=9d0083c4:7834:65)
[2m8:36:21 pm[22m [31m[1m[vite][22m[39m [31m[2m(client)[22m[39m [2m[console.error] [22mDispose error: TypeError: Cannot read properties of undefined (reading 'destroy')
    at dispose (http://localhost:5173/node_modules/.vite/deps/klinecharts.js?v=9d0083c4:12092:19)
    at http://localhost:5173/src/components/TradingChart.jsx:129:7
    at Object.react_stack_bottom_frame (http://localhost:5173/node_modules/.vite/deps/react-dom_client.js?v=9d0083c4:12906:5)
    at runWithFiberInDEV (http://localhost:5173/node_modules/.vite/deps/react-dom_client.js?v=9d0083c4:851:66)
    at commitHookEffectListUnmount (http://localhost:5173/node_modules/.vite/deps/react-dom_client.js?v=9d0083c4:6642:149)
    at commitHookPassiveUnmountEffects (http://localhost:5173/node_modules/.vite/deps/react-dom_client.js?v=9d0083c4:6655:55)
    at disconnectPassiveEffect (http://localhost:5173/node_modules/.vite/deps/react-dom_client.js?v=9d0083c4:7842:6)
    at recursivelyTraverseDisconnectPassiveEffects (http://localhost:5173/node_modules/.vite/deps/react-dom_client.js?v=9d0083c4:7834:65)
    at disconnectPassiveEffect (http://localhost:5173/node_modules/.vite/deps/react-dom_client.js?v=9d0083c4:7849:14)
    at recursivelyTraverseDisconnectPassiveEffects (http://localhost:5173/node_modules/.vite/deps/react-dom_client.js?v=9d0083c4:7834:65)
[2m8:36:38 pm[22m [31m[1m[vite][22m[39m [31m[2m(client)[22m[39m [2m[console.error] [22mDispose error: TypeError: Cannot read properties of undefined (reading 'destroy')
    at dispose (http://localhost:5173/node_modules/.vite/deps/klinecharts.js?v=9d0083c4:12092:19)
    at http://localhost:5173/src/components/TradingChart.jsx:129:7
    at Object.react_stack_bottom_frame (http://localhost:5173/node_modules/.vite/deps/react-dom_client.js?v=9d0083c4:12906:5)
    at runWithFiberInDEV (http://localhost:5173/node_modules/.vite/deps/react-dom_client.js?v=9d0083c4:851:66)
    at commitHookEffectListUnmount (http://localhost:5173/node_modules/.vite/deps/react-dom_client.js?v=9d0083c4:6642:149)
    at commitHookPassiveUnmountEffects (http://localhost:5173/node_modules/.vite/deps/react-dom_client.js?v=9d0083c4:6655:55)
    at disconnectPassiveEffect (http://localhost:5173/node_modules/.vite/deps/react-dom_client.js?v=9d0083c4:7842:6)
    at recursivelyTraverseDisconnectPassiveEffects (http://localhost:5173/node_modules/.vite/deps/react-dom_client.js?v=9d0083c4:7834:65)
    at disconnectPassiveEffect (http://localhost:5173/node_modules/.vite/deps/react-dom_client.js?v=9d0083c4:7849:14)
    at recursivelyTraverseDisconnectPassiveEffects (http://localhost:5173/node_modules/.vite/deps/react-dom_client.js?v=9d0083c4:7834:65)
[2m8:40:35 pm[22m [36m[1m[vite][22m[39m [90m[2m(client)[22m[39m [32mhmr update [39m[2m/src/App.jsx[22m
[2m8:40:36 pm[22m [31m[1m[vite][22m[39m [31m[2m(client)[22m[39m [2m[console.error] [22mDispose error: TypeError: Cannot read properties of undefined (reading 'destroy')
    at dispose (http://localhost:5173/node_modules/.vite/deps/klinecharts.js?v=9d0083c4:12092:19)
    at http://localhost:5173/src/components/TradingChart.jsx:129:7
    at Object.react_stack_bottom_frame (http://localhost:5173/node_modules/.vite/deps/react-dom_client.js?v=9d0083c4:12906:5)
    at runWithFiberInDEV (http://localhost:5173/node_modules/.vite/deps/react-dom_client.js?v=9d0083c4:851:66)
    at commitHookEffectListUnmount (http://localhost:5173/node_modules/.vite/deps/react-dom_client.js?v=9d0083c4:6642:149)
    at commitHookPassiveUnmountEffects (http://localhost:5173/node_modules/.vite/deps/react-dom_client.js?v=9d0083c4:6655:55)
    at commitPassiveUnmountEffectsInsideOfDeletedTree_begin (http://localhost:5173/node_modules/.vite/deps/react-dom_client.js?v=9d0083c4:7864:7)
    at recursivelyTraversePassiveUnmountEffects (http://localhost:5173/node_modules/.vite/deps/react-dom_client.js?v=9d0083c4:7783:6)
    at commitPassiveUnmountOnFiber (http://localhost:5173/node_modules/.vite/deps/react-dom_client.js?v=9d0083c4:7814:14)
    at recursivelyTraversePassiveUnmountEffects (http://localhost:5173/node_modules/.vite/deps/react-dom_client.js?v=9d0083c4:7789:103)
[2m8:42:35 pm[22m [36m[1m[vite][22m[39m [32mvite.config.js changed, restarting server...[39m
[2m8:42:35 pm[22m [36m[1m[vite][22m[39m server restarted.
[2m8:42:42 pm[22m [36m[1m[vite][22m[39m [90m[2m(client)[22m[39m [32mhmr update [39m[2m/src/App.jsx[22m
[2m8:42:50 pm[22m [36m[1m[vite][22m[39m [90m[2m(client)[22m[39m [32mhmr update [39m[2m/src/components/Auth.jsx[22m
[2m8:43:06 pm[22m [36m[1m[vite][22m[39m [90m[2m(client)[22m[39m [32mhmr update [39m[2m/src/components/RightSidebar.jsx[22m
[2m8:43:25 pm[22m [36m[1m[vite][22m[39m [90m[2m(client)[22m[39m [32mhmr update [39m[2m/src/components/TradingChart.jsx[22m
[2m8:43:25 pm[22m [31m[1m[vite][22m[39m [31mInternal server error: Transform failed with 2 errors:

[31m[PARSE_ERROR] [0mMissing catch or finally clause
     [38;5;246m╭[0m[38;5;246m─[0m[38;5;246m[[0m src/components/TradingChart.jsx:522:4 [38;5;246m][0m
     [38;5;246m│[0m
 [38;5;246m522 │[0m [38;5;249m [0m[38;5;249m [0m[38;5;249m}[0m[38;5;249m,[0m[38;5;249m [0m[38;5;249m[[0m[38;5;249ms[0m[38;5;249my[0m[38;5;249mm[0m[38;5;249mb[0m[38;5;249mo[0m[38;5;249ml[0m[38;5;249m,[0m[38;5;249m [0m[38;5;249mt[0m[38;5;249mi[0m[38;5;249mm[0m[38;5;249me[0m[38;5;249mf[0m[38;5;249mr[0m[38;5;249ma[0m[38;5;249mm[0m[38;5;249me[0m[38;5;249m][0m[38;5;249m)[0m[38;5;249m;[0m
 [38;5;240m    │[0m    │ 
 [38;5;240m    │[0m    ╰─ 
 [38;5;240m    │[0m 
 [38;5;240m    │[0m [38;5;115mHelp[0m: Either unwrap this try block or add catch / finally clause
[38;5;246m─────╯[0m

[31m[PARSE_ERROR] [0mUnexpected token
     [38;5;246m╭[0m[38;5;246m─[0m[38;5;246m[[0m src/components/TradingChart.jsx:522:4 [38;5;246m][0m
     [38;5;246m│[0m
 [38;5;246m522 │[0m [38;5;249m [0m[38;5;249m [0m[38;5;249m}[0m,[38;5;249m [0m[38;5;249m[[0m[38;5;249ms[0m[38;5;249my[0m[38;5;249mm[0m[38;5;249mb[0m[38;5;249mo[0m[38;5;249ml[0m[38;5;249m,[0m[38;5;249m [0m[38;5;249mt[0m[38;5;249mi[0m[38;5;249mm[0m[38;5;249me[0m[38;5;249mf[0m[38;5;249mr[0m[38;5;249ma[0m[38;5;249mm[0m[38;5;249me[0m[38;5;249m][0m[38;5;249m)[0m[38;5;249m;[0m
 [38;5;240m    │[0m    ┬  
 [38;5;240m    │[0m    ╰── 
[38;5;246m─────╯[0m
[39m
  Plugin: [35mvite:oxc[39m
  File: [36mC:/Users/Admin/Desktop/Market/frontend/src/components/TradingChart.jsx[39m
      at transformWithOxc (file:///C:/Users/Admin/Desktop/Market/frontend/node_modules/vite/dist/node/chunks/node.js:3661:19)
      at TransformPluginContext.transform (file:///C:/Users/Admin/Desktop/Market/frontend/node_modules/vite/dist/node/chunks/node.js:3732:26)
      at EnvironmentPluginContainer.transform (file:///C:/Users/Admin/Desktop/Market/frontend/node_modules/vite/dist/node/chunks/node.js:29745:51)
      at async loadAndTransform (file:///C:/Users/Admin/Desktop/Market/frontend/node_modules/vite/dist/node/chunks/node.js:19729:26)
      at async viteTransformMiddleware (file:///C:/Users/Admin/Desktop/Market/frontend/node_modules/vite/dist/node/chunks/node.js:24160:20)
[2m8:43:25 pm[22m [31m[1m[vite][22m[39m [31m[2m(client)[22m[39m [2m[console.error] [22m[vite] Failed to reload /src/components/TradingChart.jsx. This could be due to syntax errors or importing non-existent modules. (see errors above)
[2m8:43:40 pm[22m [36m[1m[vite][22m[39m [90m[2m(client)[22m[39m [32mhmr update [39m[2m/src/components/TradingChart.jsx[22m
[2m8:46:38 pm[22m [31m[1m[vite][22m[39m [31m[2m(client)[22m[39m [2m[console.error] [22mDispose error: TypeError: Cannot read properties of undefined (reading 'destroy')
    at dispose (http://localhost:5173/node_modules/.vite/deps/klinecharts.js?v=9d0083c4:12092:19)
    at http://localhost:5173/src/components/TradingChart.jsx?t=1783869220330:129:7
    at Object.react_stack_bottom_frame (http://localhost:5173/node_modules/.vite/deps/react-dom_client.js?v=9d0083c4:12906:5)
    at runWithFiberInDEV (http://localhost:5173/node_modules/.vite/deps/react-dom_client.js?v=9d0083c4:851:66)
    at commitHookEffectListUnmount (http://localhost:5173/node_modules/.vite/deps/react-dom_client.js?v=9d0083c4:6642:149)
    at commitHookPassiveUnmountEffects (http://localhost:5173/node_modules/.vite/deps/react-dom_client.js?v=9d0083c4:6655:55)
    at disconnectPassiveEffect (http://localhost:5173/node_modules/.vite/deps/react-dom_client.js?v=9d0083c4:7842:6)
    at recursivelyTraverseDisconnectPassiveEffects (http://localhost:5173/node_modules/.vite/deps/react-dom_client.js?v=9d0083c4:7834:65)
    at disconnectPassiveEffect (http://localhost:5173/node_modules/.vite/deps/react-dom_client.js?v=9d0083c4:7849:14)
    at recursivelyTraverseDisconnectPassiveEffects (http://localhost:5173/node_modules/.vite/deps/react-dom_client.js?v=9d0083c4:7834:65)
[2m8:48:16 pm[22m [31m[1m[vite][22m[39m [31mws proxy error:[39m
Error: read ECONNRESET
    at TCP.onStreamRead (node:internal/stream_base_commons:216:20)
[2m8:48:16 pm[22m [31m[1m[vite][22m[39m [31mws proxy error:[39m
Error: read ECONNRESET
    at TCP.onStreamRead (node:internal/stream_base_commons:216:20)
[2m8:48:17 pm[22m [31m[1m[vite][22m[39m [31mhttp proxy error: /socket.io/?EIO=4&transport=polling&t=xu9aqj55[39m
Error: connect ECONNREFUSED 127.0.0.1:5000
    at TCPConnectWrap.afterConnect [as oncomplete] (node:net:1705:16)
[2m8:48:17 pm[22m [31m[1m[vite][22m[39m [31mhttp proxy error: /socket.io/?EIO=4&transport=polling&t=xu9are7z[39m
Error: connect ECONNREFUSED 127.0.0.1:5000
    at TCPConnectWrap.afterConnect [as oncomplete] (node:net:1705:16)
[2m8:48:19 pm[22m [31m[1m[vite][22m[39m [31mhttp proxy error: /socket.io/?EIO=4&transport=polling&t=xuaubzwo[39m
Error: connect ECONNREFUSED 127.0.0.1:5000
    at TCPConnectWrap.afterConnect [as oncomplete] (node:net:1705:16)
[2m8:48:19 pm[22m [31m[1m[vite][22m[39m [31mhttp proxy error: /socket.io/?EIO=4&transport=polling&t=xuauc2jm[39m
Error: connect ECONNREFUSED 127.0.0.1:5000
    at TCPConnectWrap.afterConnect [as oncomplete] (node:net:1705:16)
[2m8:53:20 pm[22m [36m[1m[vite][22m[39m [90m[2m(client)[22m[39m [32mhmr update [39m[2m/src/components/TradingChart.jsx[22m
[2m9:07:18 pm[22m [36m[1m[vite][22m[39m [90m[2m(client)[22m[39m [32mhmr update [39m[2m/src/components/RightSidebar.jsx[22m
[2m9:07:33 pm[22m [36m[1m[vite][22m[39m [90m[2m(client)[22m[39m [32mhmr update [39m[2m/src/components/TradingChart.jsx[22m
[2m9:48:03 pm[22m [31m[1m[vite][22m[39m [31m[2m(client)[22m[39m [2m[console.error] [22mDispose error: TypeError: Cannot read properties of undefined (reading 'destroy')
    at dispose (http://localhost:5173/node_modules/.vite/deps/klinecharts.js?v=9d0083c4:12092:19)
    at http://localhost:5173/src/components/TradingChart.jsx?t=1783870653791:129:7
    at Object.react_stack_bottom_frame (http://localhost:5173/node_modules/.vite/deps/react-dom_client.js?v=9d0083c4:12906:5)
    at runWithFiberInDEV (http://localhost:5173/node_modules/.vite/deps/react-dom_client.js?v=9d0083c4:851:66)
    at commitHookEffectListUnmount (http://localhost:5173/node_modules/.vite/deps/react-dom_client.js?v=9d0083c4:6642:149)
    at commitHookPassiveUnmountEffects (http://localhost:5173/node_modules/.vite/deps/react-dom_client.js?v=9d0083c4:6655:55)
    at disconnectPassiveEffect (http://localhost:5173/node_modules/.vite/deps/react-dom_client.js?v=9d0083c4:7842:6)
    at recursivelyTraverseDisconnectPassiveEffects (http://localhost:5173/node_modules/.vite/deps/react-dom_client.js?v=9d0083c4:7834:65)
    at disconnectPassiveEffect (http://localhost:5173/node_modules/.vite/deps/react-dom_client.js?v=9d0083c4:7849:14)
    at recursivelyTraverseDisconnectPassiveEffects (http://localhost:5173/node_modules/.vite/deps/react-dom_client.js?v=9d0083c4:7834:65)
[2m9:48:10 pm[22m [31m[1m[vite][22m[39m [31m[2m(client)[22m[39m [31m[Unhandled error] [1mReferenceError[22m: setPriceBlink is not defined
[39m > src/components/RightSidebar.jsx:36:12
    34 |            if (!prevData) return prevData;
    35 |            if (prevData.currentPrice !== update.price) {
    36 |              setPriceBlink(true);
       |              ^
    37 |              setTimeout(() => setPriceBlink(false), 300);
    38 |            }
 > basicStateReducer node_modules/react-dom/cjs/react-dom-client.development.js:7935:44
 > updateReducerImpl node_modules/react-dom/cjs/react-dom-client.development.js:8045:14
 > updateReducer node_modules/react-dom/cjs/react-dom-client.development.js:7968:13
 > Object.useState node_modules/react-dom/cjs/react-dom-client.development.js:26511:17
 > exports.useState node_modules/react/cjs/react.development.js:1263:33
 > RightSidebar src/components/RightSidebar.jsx:5:26
 > Object.react_stack_bottom_frame node_modules/react-dom/cjs/react-dom-client.development.js:25904:19
 > renderWithHooks node_modules/react-dom/cjs/react-dom-client.development.js:7662:21
 > updateFunctionComponent node_modules/react-dom/cjs/react-dom-client.development.js:10166:18

[2m9:48:10 pm[22m [33m[1m[vite][22m[39m [33m[2m(client)[22m[39m [2m[console.warn] [22mAn error occurred in the <RightSidebar> component.

Consider adding an error boundary to your tree to customize error handling behavior.
Visit https://react.dev/link/error-boundaries to learn more about error boundaries.

[2m9:48:10 pm[22m [31m[1m[vite][22m[39m [31m[2m(client)[22m[39m [2m[console.error] [22mDispose error: TypeError: Cannot read properties of undefined (reading 'destroy')
    at dispose (http://localhost:5173/node_modules/.vite/deps/klinecharts.js?v=9d0083c4:12092:19)
    at http://localhost:5173/src/components/TradingChart.jsx?t=1783870653791:129:7
    at Object.react_stack_bottom_frame (http://localhost:5173/node_modules/.vite/deps/react-dom_client.js?v=9d0083c4:12906:5)
    at runWithFiberInDEV (http://localhost:5173/node_modules/.vite/deps/react-dom_client.js?v=9d0083c4:851:66)
    at commitHookEffectListUnmount (http://localhost:5173/node_modules/.vite/deps/react-dom_client.js?v=9d0083c4:6642:149)
    at commitHookPassiveUnmountEffects (http://localhost:5173/node_modules/.vite/deps/react-dom_client.js?v=9d0083c4:6655:55)
    at commitPassiveUnmountEffectsInsideOfDeletedTree_begin (http://localhost:5173/node_modules/.vite/deps/react-dom_client.js?v=9d0083c4:7864:7)
    at recursivelyTraversePassiveUnmountEffects (http://localhost:5173/node_modules/.vite/deps/react-dom_client.js?v=9d0083c4:7783:6)
    at commitPassiveUnmountOnFiber (http://localhost:5173/node_modules/.vite/deps/react-dom_client.js?v=9d0083c4:7802:6)
    at flushPassiveEffects (http://localhost:5173/node_modules/.vite/deps/react-dom_client.js?v=9d0083c4:8804:5)
[2m9:49:55 pm[22m [31m[1m[vite][22m[39m [31m[2m(client)[22m[39m [2m[console.error] [22mDispose error: TypeError: Cannot read properties of undefined (reading 'destroy')
    at dispose (http://localhost:5173/node_modules/.vite/deps/klinecharts.js?v=9d0083c4:12092:19)
    at http://localhost:5173/src/components/TradingChart.jsx?t=1783870653791:129:7
    at Object.react_stack_bottom_frame (http://localhost:5173/node_modules/.vite/deps/react-dom_client.js?v=9d0083c4:12906:5)
    at runWithFiberInDEV (http://localhost:5173/node_modules/.vite/deps/react-dom_client.js?v=9d0083c4:851:66)
    at commitHookEffectListUnmount (http://localhost:5173/node_modules/.vite/deps/react-dom_client.js?v=9d0083c4:6642:149)
    at commitHookPassiveUnmountEffects (http://localhost:5173/node_modules/.vite/deps/react-dom_client.js?v=9d0083c4:6655:55)
    at disconnectPassiveEffect (http://localhost:5173/node_modules/.vite/deps/react-dom_client.js?v=9d0083c4:7842:6)
    at recursivelyTraverseDisconnectPassiveEffects (http://localhost:5173/node_modules/.vite/deps/react-dom_client.js?v=9d0083c4:7834:65)
    at disconnectPassiveEffect (http://localhost:5173/node_modules/.vite/deps/react-dom_client.js?v=9d0083c4:7849:14)
    at recursivelyTraverseDisconnectPassiveEffects (http://localhost:5173/node_modules/.vite/deps/react-dom_client.js?v=9d0083c4:7834:65)
[2m9:50:00 pm[22m [31m[1m[vite][22m[39m [31m[2m(client)[22m[39m [31m[Unhandled error] [1mReferenceError[22m: setPriceBlink is not defined
[39m > src/components/RightSidebar.jsx:36:12
    34 |            if (!prevData) return prevData;
    35 |            if (prevData.currentPrice !== update.price) {
    36 |              setPriceBlink(true);
       |              ^
    37 |              setTimeout(() => setPriceBlink(false), 300);
    38 |            }
 > basicStateReducer node_modules/react-dom/cjs/react-dom-client.development.js:7935:44
 > updateReducerImpl node_modules/react-dom/cjs/react-dom-client.development.js:8045:14
 > updateReducer node_modules/react-dom/cjs/react-dom-client.development.js:7968:13
 > Object.useState node_modules/react-dom/cjs/react-dom-client.development.js:26511:17
 > exports.useState node_modules/react/cjs/react.development.js:1263:33
 > RightSidebar src/components/RightSidebar.jsx:5:26
 > Object.react_stack_bottom_frame node_modules/react-dom/cjs/react-dom-client.development.js:25904:19
 > renderWithHooks node_modules/react-dom/cjs/react-dom-client.development.js:7662:21
 > updateFunctionComponent node_modules/react-dom/cjs/react-dom-client.development.js:10166:18

[2m9:50:00 pm[22m [33m[1m[vite][22m[39m [33m[2m(client)[22m[39m [2m[console.warn] [22mAn error occurred in the <RightSidebar> component.

Consider adding an error boundary to your tree to customize error handling behavior.
Visit https://react.dev/link/error-boundaries to learn more about error boundaries.

[2m9:50:00 pm[22m [31m[1m[vite][22m[39m [31m[2m(client)[22m[39m [2m[console.error] [22mDispose error: TypeError: Cannot read properties of undefined (reading 'destroy')
    at dispose (http://localhost:5173/node_modules/.vite/deps/klinecharts.js?v=9d0083c4:12092:19)
    at http://localhost:5173/src/components/TradingChart.jsx?t=1783870653791:129:7
    at Object.react_stack_bottom_frame (http://localhost:5173/node_modules/.vite/deps/react-dom_client.js?v=9d0083c4:12906:5)
    at runWithFiberInDEV (http://localhost:5173/node_modules/.vite/deps/react-dom_client.js?v=9d0083c4:851:66)
    at commitHookEffectListUnmount (http://localhost:5173/node_modules/.vite/deps/react-dom_client.js?v=9d0083c4:6642:149)
    at commitHookPassiveUnmountEffects (http://localhost:5173/node_modules/.vite/deps/react-dom_client.js?v=9d0083c4:6655:55)
    at commitPassiveUnmountEffectsInsideOfDeletedTree_begin (http://localhost:5173/node_modules/.vite/deps/react-dom_client.js?v=9d0083c4:7864:7)
    at recursivelyTraversePassiveUnmountEffects (http://localhost:5173/node_modules/.vite/deps/react-dom_client.js?v=9d0083c4:7783:6)
    at commitPassiveUnmountOnFiber (http://localhost:5173/node_modules/.vite/deps/react-dom_client.js?v=9d0083c4:7802:6)
    at flushPassiveEffects (http://localhost:5173/node_modules/.vite/deps/react-dom_client.js?v=9d0083c4:8804:5)
[2m10:01:37 pm[22m [36m[1m[vite][22m[39m [90m[2m(client)[22m[39m [32mhmr update [39m[2m/src/App.jsx[22m
[2m10:02:06 pm[22m [36m[1m[vite][22m[39m [90m[2m(client)[22m[39m [32mhmr update [39m[2m/src/components/RightSidebar.jsx[22m
[2m10:02:28 pm[22m [36m[1m[vite][22m[39m [90m[2m(client)[22m[39m [32mhmr update [39m[2m/src/components/RightSidebar.jsx[22m
[2m10:10:09 pm[22m [36m[1m[vite][22m[39m [90m[2m(client)[22m[39m [32mhmr update [39m[2m/src/App.jsx[22m
[2m10:10:27 pm[22m [36m[1m[vite][22m[39m [90m[2m(client)[22m[39m [32mhmr update [39m[2m/src/components/RightSidebar.jsx[22m
[2m10:19:20 pm[22m [36m[1m[vite][22m[39m [90m[2m(client)[22m[39m [32mhmr update [39m[2m/src/App.jsx[22m
